<?xml version="1.0" encoding="UTF-8"?>
<testsuite name="com.example.starter.TestVerticleInitializer" tests="1" skipped="0" failures="0" errors="0" timestamp="2023-12-08T18:26:49" hostname="comarch.pl" time="0.704">
  <properties/>
  <testcase name="verticle_deployed(Vertx, VertxTestContext)" classname="com.example.starter.TestVerticleInitializer" time="0.704"/>
  <system-out><![CDATA[]]></system-out>
  <system-err><![CDATA[[vert.x-eventloop-thread-0] INFO org.mongodb.driver.client - MongoClient with metadata {"driver": {"name": "mongo-java-driver|reactive-streams", "version": "4.8.1"}, "os": {"type": "Linux", "name": "Linux", "architecture": "amd64", "version": "5.15.0-76-generic"}, "platform": "Java/Oracle Corporation/18+36-2087"} created with settings MongoClientSettings{readPreference=primary, writeConcern=WriteConcern{w=null, wTimeout=null ms, journal=null}, retryWrites=true, retryReads=true, readConcern=ReadConcern{level=null}, credential=MongoCredential{mechanism=null, userName='root', source='admin', password=<hidden>, mechanismProperties=<hidden>}, streamFactoryFactory=null, commandListeners=[], codecRegistry=ProvidersCodecRegistry{codecProviders=[ProvidersCodecRegistry{codecProviders=[MapOfCodecsProvider{codecsMap={class java.lang.Integer=org.bson.codecs.IntegerCodec@1df7442d, class java.lang.Long=org.bson.codecs.LongCodec@4d059db5, class org.bson.Document=org.bson.codecs.DocumentCodec@2b2d1bcb, class java.lang.Double=org.bson.codecs.DoubleCodec@1243b125, class java.lang.String=org.bson.codecs.StringCodec@3532496c, class java.lang.Boolean=org.bson.codecs.BooleanCodec@543b824a, class org.bson.BsonDocument=org.bson.codecs.BsonDocumentCodec@170b3845}}]}, ProvidersCodecRegistry{codecProviders=[MapOfCodecsProvider{codecsMap={class io.vertx.core.json.JsonObject=io.vertx.ext.mongo.impl.codec.json.JsonObjectCodec@18ce7918}}]}]}, clusterSettings={hosts=[localhost:27017], srvServiceName=mongodb, mode=SINGLE, requiredClusterType=UNKNOWN, requiredReplicaSetName='null', serverSelector='null', clusterListeners='[]', serverSelectionTimeout='30000 ms', localThreshold='30000 ms'}, socketSettings=SocketSettings{connectTimeoutMS=10000, readTimeoutMS=0, receiveBufferSize=0, sendBufferSize=0}, heartbeatSocketSettings=SocketSettings{connectTimeoutMS=10000, readTimeoutMS=10000, receiveBufferSize=0, sendBufferSize=0}, connectionPoolSettings=ConnectionPoolSettings{maxSize=100, minSize=0, maxWaitTimeMS=120000, maxConnectionLifeTimeMS=0, maxConnectionIdleTimeMS=0, maintenanceInitialDelayMS=0, maintenanceFrequencyMS=60000, connectionPoolListeners=[], maxConnecting=2}, serverSettings=ServerSettings{heartbeatFrequencyMS=10000, minHeartbeatFrequencyMS=500, serverListeners='[]', serverMonitorListeners='[]'}, sslSettings=SslSettings{enabled=false, invalidHostNameAllowed=false, context=null}, applicationName='null', compressorList=[], uuidRepresentation=UNSPECIFIED, serverApi=null, autoEncryptionSettings=null, contextProvider=null}
[cluster-ClusterId{value='65735fe92a3b3b79450ebb89', description='null'}-localhost:27017] INFO org.mongodb.driver.cluster - Monitor thread successfully connected to server with description ServerDescription{address=localhost:27017, type=STANDALONE, state=CONNECTED, ok=true, minWireVersion=0, maxWireVersion=21, maxDocumentSize=16777216, logicalSessionTimeoutMinutes=30, roundTripTimeNanos=55155296}
]]></system-err>
</testsuite>
